<?xml version="1.0" encoding="UTF-8" ?>
<testsuite failures="0" time="0.048" errors="0" skipped="0" tests="1" name="com.mytest.weather.AppTest">
  <properties>
    <property name="java.runtime.name" value="Java(TM) SE Runtime Environment"/>
    <property name="sun.boot.library.path" value="D:\Java\jdk1.6.0_33\jre\bin"/>
    <property name="java.vm.version" value="20.8-b03"/>
    <property name="java.vm.vendor" value="Sun Microsystems Inc."/>
    <property name="java.vendor.url" value="http://java.sun.com/"/>
    <property name="path.separator" value=";"/>
    <property name="java.vm.name" value="Java HotSpot(TM) Client VM"/>
    <property name="file.encoding.pkg" value="sun.io"/>
    <property name="user.country" value="CN"/>
    <property name="sun.java.launcher" value="SUN_STANDARD"/>
    <property name="sun.os.patch.level" value="Service Pack 1"/>
    <property name="java.vm.specification.name" value="Java Virtual Machine Specification"/>
    <property name="user.dir" value="D:\Workspaces\MyEclipse 10\weather\weather"/>
    <property name="java.runtime.version" value="1.6.0_33-b03"/>
    <property name="java.awt.graphicsenv" value="sun.awt.Win32GraphicsEnvironment"/>
    <property name="basedir" value="D:\Workspaces\MyEclipse 10\weather\weather"/>
    <property name="java.endorsed.dirs" value="D:\Java\jdk1.6.0_33\jre\lib\endorsed"/>
    <property name="os.arch" value="x86"/>
    <property name="surefire.real.class.path" value="C:\Users\zhsc\AppData\Local\Temp\surefirebooter6046658172699474109.jar"/>
    <property name="java.io.tmpdir" value="C:\Users\zhsc\AppData\Local\Temp\"/>
    <property name="line.separator" value="
"/>
    <property name="java.vm.specification.vendor" value="Sun Microsystems Inc."/>
    <property name="user.variant" value=""/>
    <property name="os.name" value="Windows 7"/>
    <property name="sun.jnu.encoding" value="GB18030"/>
    <property name="java.library.path" value="D:\Java\jdk1.6.0_33\jre\bin;C:\Windows\Sun\Java\bin;C:\Windows\system32;C:\Windows;d:/MyEclipse/Common/binary/com.sun.java.jdk.win32.x86_1.6.0.013/jre/bin/client;d:/MyEclipse/Common/binary/com.sun.java.jdk.win32.x86_1.6.0.013/jre/bin;d:/MyEclipse/Common/binary/com.sun.java.jdk.win32.x86_1.6.0.013/jre/lib/i386;e:\oracle\product\10.2.0\db_1\bin;C:\Program Files\Common Files\Microsoft Shared\Windows Live;C:\Program Files\Dell\DW WLAN Card;C:\Windows\system32;C:\Windows;C:\Windows\System32\Wbem;C:\Windows\System32\WindowsPowerShell\v1.0\;C:\Program Files\WIDCOMM\Bluetooth Software\;C:\Program Files\Intel\Services\IPT\;C:\Program Files\NTRU Cryptosystems\NTRU TCG Software Stack\bin\;C:\Program Files\Dell\Dell Data Protection\Access\Advanced\Wave\Gemalto\Access Client\v5\;C:\Program Files\Windows Live\Shared;C:\Program Files\Common Files\Roxio Shared\DLLShared\;C:\Program Files\Common Files\Roxio Shared\OEM\DLLShared\;C:\Program Files\Common Files\Roxio Shared\OEM\DLLShared\;C:\Program Files\Common Files\Roxio Shared\OEM\12.0\DLLShared\;C:\Program Files\Roxio\OEM\AudioCore\;C:\Program Files\Common Files\Acronis\SnapAPI\;D:\Java\jdk1.6.0_33\bin\;D:\apache-ant-1.8.4\bin;D:\apache-maven-2.2.1\\bin;C:\Program Files\Microsoft ASP.NET\ASP.NET Web Pages\v1.0\;C:\Program Files\Windows Kits\8.0\Windows Performance Toolkit\;C:\Program Files\TortoiseSVN\bin;."/>
    <property name="surefire.test.class.path" value="D:\Workspaces\MyEclipse 10\weather\weather\target\test-classes;D:\Workspaces\MyEclipse 10\weather\weather\target\classes;C:\Users\zhsc\.m2\repository\junit\junit\3.8.1\junit-3.8.1.jar;C:\Users\zhsc\.m2\repository\log4j\log4j\1.2.14\log4j-1.2.14.jar;C:\Users\zhsc\.m2\repository\dom4j\dom4j\1.6.1\dom4j-1.6.1.jar;C:\Users\zhsc\.m2\repository\xml-apis\xml-apis\1.0.b2\xml-apis-1.0.b2.jar;C:\Users\zhsc\.m2\repository\jaxen\jaxen\1.1.1\jaxen-1.1.1.jar;C:\Users\zhsc\.m2\repository\jdom\jdom\1.0\jdom-1.0.jar;C:\Users\zhsc\.m2\repository\xerces\xercesImpl\2.6.2\xercesImpl-2.6.2.jar;C:\Users\zhsc\.m2\repository\xom\xom\1.0\xom-1.0.jar;C:\Users\zhsc\.m2\repository\xerces\xmlParserAPIs\2.6.2\xmlParserAPIs-2.6.2.jar;C:\Users\zhsc\.m2\repository\xalan\xalan\2.6.0\xalan-2.6.0.jar;C:\Users\zhsc\.m2\repository\com\ibm\icu\icu4j\2.6.1\icu4j-2.6.1.jar;C:\Users\zhsc\.m2\repository\velocity\velocity\1.5\velocity-1.5.jar;C:\Users\zhsc\.m2\repository\commons-collections\commons-collections\3.1\commons-collections-3.1.jar;C:\Users\zhsc\.m2\repository\commons-lang\commons-lang\2.1\commons-lang-2.1.jar;C:\Users\zhsc\.m2\repository\oro\oro\2.0.8\oro-2.0.8.jar;"/>
    <property name="java.specification.name" value="Java Platform API Specification"/>
    <property name="java.class.version" value="50.0"/>
    <property name="sun.management.compiler" value="HotSpot Client Compiler"/>
    <property name="os.version" value="6.1"/>
    <property name="user.home" value="C:\Users\zhsc"/>
    <property name="user.timezone" value=""/>
    <property name="java.awt.printerjob" value="sun.awt.windows.WPrinterJob"/>
    <property name="java.specification.version" value="1.6"/>
    <property name="file.encoding" value="GB18030"/>
    <property name="user.name" value="zhsc"/>
    <property name="java.class.path" value="D:\Workspaces\MyEclipse 10\weather\weather\target\test-classes;D:\Workspaces\MyEclipse 10\weather\weather\target\classes;C:\Users\zhsc\.m2\repository\junit\junit\3.8.1\junit-3.8.1.jar;C:\Users\zhsc\.m2\repository\log4j\log4j\1.2.14\log4j-1.2.14.jar;C:\Users\zhsc\.m2\repository\dom4j\dom4j\1.6.1\dom4j-1.6.1.jar;C:\Users\zhsc\.m2\repository\xml-apis\xml-apis\1.0.b2\xml-apis-1.0.b2.jar;C:\Users\zhsc\.m2\repository\jaxen\jaxen\1.1.1\jaxen-1.1.1.jar;C:\Users\zhsc\.m2\repository\jdom\jdom\1.0\jdom-1.0.jar;C:\Users\zhsc\.m2\repository\xerces\xercesImpl\2.6.2\xercesImpl-2.6.2.jar;C:\Users\zhsc\.m2\repository\xom\xom\1.0\xom-1.0.jar;C:\Users\zhsc\.m2\repository\xerces\xmlParserAPIs\2.6.2\xmlParserAPIs-2.6.2.jar;C:\Users\zhsc\.m2\repository\xalan\xalan\2.6.0\xalan-2.6.0.jar;C:\Users\zhsc\.m2\repository\com\ibm\icu\icu4j\2.6.1\icu4j-2.6.1.jar;C:\Users\zhsc\.m2\repository\velocity\velocity\1.5\velocity-1.5.jar;C:\Users\zhsc\.m2\repository\commons-collections\commons-collections\3.1\commons-collections-3.1.jar;C:\Users\zhsc\.m2\repository\commons-lang\commons-lang\2.1\commons-lang-2.1.jar;C:\Users\zhsc\.m2\repository\oro\oro\2.0.8\oro-2.0.8.jar;"/>
    <property name="java.vm.specification.version" value="1.0"/>
    <property name="sun.arch.data.model" value="32"/>
    <property name="java.home" value="D:\Java\jdk1.6.0_33\jre"/>
    <property name="sun.java.command" value="C:\Users\zhsc\AppData\Local\Temp\surefirebooter6046658172699474109.jar C:\Users\zhsc\AppData\Local\Temp\surefire7962358783871381218tmp C:\Users\zhsc\AppData\Local\Temp\surefire8545818462628025259tmp"/>
    <property name="java.specification.vendor" value="Sun Microsystems Inc."/>
    <property name="user.language" value="zh"/>
    <property name="awt.toolkit" value="sun.awt.windows.WToolkit"/>
    <property name="java.vm.info" value="mixed mode, sharing"/>
    <property name="java.version" value="1.6.0_33"/>
    <property name="java.ext.dirs" value="D:\Java\jdk1.6.0_33\jre\lib\ext;C:\Windows\Sun\Java\lib\ext"/>
    <property name="sun.boot.class.path" value="D:\Java\jdk1.6.0_33\jre\lib\resources.jar;D:\Java\jdk1.6.0_33\jre\lib\rt.jar;D:\Java\jdk1.6.0_33\jre\lib\sunrsasign.jar;D:\Java\jdk1.6.0_33\jre\lib\jsse.jar;D:\Java\jdk1.6.0_33\jre\lib\jce.jar;D:\Java\jdk1.6.0_33\jre\lib\charsets.jar;D:\Java\jdk1.6.0_33\jre\lib\modules\jdk.boot.jar;D:\Java\jdk1.6.0_33\jre\classes"/>
    <property name="java.vendor" value="Sun Microsystems Inc."/>
    <property name="localRepository" value="C:\Users\zhsc\.m2\repository"/>
    <property name="file.separator" value="\"/>
    <property name="java.vendor.url.bug" value="http://java.sun.com/cgi-bin/bugreport.cgi"/>
    <property name="sun.cpu.endian" value="little"/>
    <property name="sun.io.unicode.encoding" value="UnicodeLittle"/>
    <property name="sun.desktop" value="windows"/>
    <property name="sun.cpu.isalist" value="pentium_pro+mmx pentium_pro pentium+mmx pentium i486 i386 i86"/>
  </properties>
  <testcase time="0.003" classname="com.mytest.weather.AppTest" name="testApp"/>
</testsuite>